mode: atomic
github.com/Razzle131/loglint/cmd/main.go:12.13,20.2 6 0
github.com/Razzle131/loglint/config/config.go:22.41,24.62 2 0
github.com/Razzle131/loglint/config/config.go:24.62,26.3 1 0
github.com/Razzle131/loglint/config/config.go:28.2,28.12 1 0
github.com/Razzle131/loglint/logcheck/decorators.go:7.71,9.9 2 228
github.com/Razzle131/loglint/logcheck/decorators.go:9.9,11.3 1 149
github.com/Razzle131/loglint/logcheck/decorators.go:13.2,13.22 1 79
github.com/Razzle131/loglint/logcheck/logcheck.go:27.48,40.2 5 1
github.com/Razzle131/loglint/logcheck/logcheck.go:42.52,49.50 3 1
github.com/Razzle131/loglint/logcheck/logcheck.go:49.50,54.59 3 59
github.com/Razzle131/loglint/logcheck/logcheck.go:54.59,56.4 1 771
github.com/Razzle131/loglint/logcheck/logcheck.go:57.3,57.16 1 59
github.com/Razzle131/loglint/logcheck/logcheck.go:57.16,59.4 1 12
github.com/Razzle131/loglint/logcheck/logcheck.go:61.3,65.32 4 47
github.com/Razzle131/loglint/logcheck/logcheck.go:65.32,67.4 1 13
github.com/Razzle131/loglint/logcheck/logcheck.go:69.3,69.28 1 47
github.com/Razzle131/loglint/logcheck/logcheck.go:69.28,72.4 1 39
github.com/Razzle131/loglint/logcheck/logcheck.go:75.2,75.17 1 1
github.com/Razzle131/loglint/logcheck/logcheck.go:78.38,86.2 5 60
github.com/Razzle131/loglint/logcheck/logcheck.go:88.50,93.29 4 39
github.com/Razzle131/loglint/logcheck/logcheck.go:93.29,94.17 1 117
github.com/Razzle131/loglint/logcheck/logcheck.go:94.17,95.12 1 106
github.com/Razzle131/loglint/logcheck/logcheck.go:97.3,97.25 1 11
github.com/Razzle131/loglint/logcheck/logcheck.go:100.2,100.12 1 39
github.com/Razzle131/loglint/logcheck/logcheck.go:103.43,104.51 1 33
github.com/Razzle131/loglint/logcheck/logcheck.go:104.51,106.3 1 28
github.com/Razzle131/loglint/logcheck/logcheck.go:108.2,108.18 1 5
github.com/Razzle131/loglint/logcheck/logcheck.go:111.64,115.18 3 7
github.com/Razzle131/loglint/logcheck/logcheck.go:115.18,123.3 5 12
github.com/Razzle131/loglint/logcheck/logcheck.go:125.2,125.12 1 7
github.com/Razzle131/loglint/logcheck/logcheck.go:128.43,129.28 1 45
github.com/Razzle131/loglint/logcheck/logcheck.go:129.28,131.3 1 0
github.com/Razzle131/loglint/logcheck/logcheck.go:133.2,133.16 1 45
github.com/Razzle131/loglint/logcheck/logcheck.go:133.16,135.3 1 2
github.com/Razzle131/loglint/logcheck/logcheck.go:137.2,138.68 2 43
github.com/Razzle131/loglint/logcheck/logcheck.go:138.68,140.3 1 5
github.com/Razzle131/loglint/logcheck/logcheck.go:142.2,142.12 1 38
github.com/Razzle131/loglint/logcheck/logcheck.go:145.35,146.28 1 43
github.com/Razzle131/loglint/logcheck/logcheck.go:146.28,148.3 1 0
github.com/Razzle131/loglint/logcheck/logcheck.go:150.2,150.47 1 43
github.com/Razzle131/loglint/logcheck/logcheck.go:150.47,152.3 1 223
github.com/Razzle131/loglint/logcheck/logcheck.go:152.5,154.3 1 3
github.com/Razzle131/loglint/logcheck/logcheck.go:156.2,156.12 1 40
github.com/Razzle131/loglint/logcheck/logcheck.go:159.42,160.28 1 45
github.com/Razzle131/loglint/logcheck/logcheck.go:160.28,162.3 1 0
github.com/Razzle131/loglint/logcheck/logcheck.go:164.2,164.47 1 45
github.com/Razzle131/loglint/logcheck/logcheck.go:164.47,166.3 1 230
github.com/Razzle131/loglint/logcheck/logcheck.go:166.5,168.3 1 9
github.com/Razzle131/loglint/logcheck/logcheck.go:170.2,170.12 1 36
github.com/Razzle131/loglint/logcheck/logcheck.go:173.37,174.28 1 36
github.com/Razzle131/loglint/logcheck/logcheck.go:174.28,176.3 1 0
github.com/Razzle131/loglint/logcheck/logcheck.go:178.2,178.54 1 36
github.com/Razzle131/loglint/logcheck/logcheck.go:178.54,180.3 1 29
github.com/Razzle131/loglint/logcheck/logcheck.go:182.2,182.12 1 7
github.com/Razzle131/loglint/logcheck/logcheck.go:186.48,188.54 2 39
github.com/Razzle131/loglint/logcheck/logcheck.go:188.54,189.13 1 0
github.com/Razzle131/loglint/logcheck/logcheck.go:191.2,191.21 1 39
